[     9.326] (--) Log file renamed from "/home/rmanhart/.local/share/xorg/Xorg.pid-1056.log" to "/home/rmanhart/.local/share/xorg/Xorg.0.log"
[     9.330] 
X.Org X Server 1.20.9
X Protocol Version 11, Revision 0
[     9.330] Build Operating System: Linux 4.15.0-118-generic x86_64 Ubuntu
[     9.330] Current Operating System: Linux gorilla 5.8.0-29-generic #31-Ubuntu SMP Fri Nov 6 12:37:59 UTC 2020 x86_64
[     9.330] Kernel command line: BOOT_IMAGE=/boot/vmlinuz-5.8.0-29-generic root=UUID=d952ed81-f286-4e87-962b-7209e0843a42 ro quiet splash
[     9.330] Build Date: 07 October 2020  05:46:52AM
[     9.330] xorg-server 2:1.20.9-2ubuntu1 (For technical support please see http://www.ubuntu.com/support) 
[     9.330] Current version of pixman: 0.38.4
[     9.330] 	Before reporting problems, check http://wiki.x.org
	to make sure that you have the latest version.
[     9.330] Markers: (--) probed, (**) from config file, (==) default setting,
	(++) from command line, (!!) notice, (II) informational,
	(WW) warning, (EE) error, (NI) not implemented, (??) unknown.
[     9.330] (==) Log file: "/home/rmanhart/.local/share/xorg/Xorg.0.log", Time: Sun Nov 22 04:18:26 2020
[     9.332] (==) Using system config directory "/usr/share/X11/xorg.conf.d"
[     9.334] (==) No Layout section.  Using the first Screen section.
[     9.334] (==) No screen section available. Using defaults.
[     9.334] (**) |-->Screen "Default Screen Section" (0)
[     9.334] (**) |   |-->Monitor "<default monitor>"
[     9.334] (==) No monitor specified for screen "Default Screen Section".
	Using a default monitor configuration.
[     9.334] (==) Automatically adding devices
[     9.334] (==) Automatically enabling devices
[     9.334] (==) Automatically adding GPU devices
[     9.334] (==) Automatically binding GPU devices
[     9.335] (==) Max clients allowed: 256, resource mask: 0x1fffff
[     9.338] (WW) The directory "/usr/share/fonts/X11/cyrillic" does not exist.
[     9.338] 	Entry deleted from font path.
[     9.338] (WW) The directory "/usr/share/fonts/X11/100dpi/" does not exist.
[     9.338] 	Entry deleted from font path.
[     9.338] (WW) The directory "/usr/share/fonts/X11/75dpi/" does not exist.
[     9.338] 	Entry deleted from font path.
[     9.339] (WW) The directory "/usr/share/fonts/X11/100dpi" does not exist.
[     9.339] 	Entry deleted from font path.
[     9.339] (WW) The directory "/usr/share/fonts/X11/75dpi" does not exist.
[     9.339] 	Entry deleted from font path.
[     9.339] (==) FontPath set to:
	/usr/share/fonts/X11/misc,
	/usr/share/fonts/X11/Type1,
	built-ins
[     9.339] (==) ModulePath set to "/usr/lib/xorg/modules"
[     9.339] (II) The server relies on udev to provide the list of input devices.
	If no devices become available, reconfigure udev or disable AutoAddDevices.
[     9.339] (II) Loader magic: 0x5586b49e6020
[     9.339] (II) Module ABI versions:
[     9.339] 	X.Org ANSI C Emulation: 0.4
[     9.339] 	X.Org Video Driver: 24.1
[     9.339] 	X.Org XInput driver : 24.1
[     9.339] 	X.Org Server Extension : 10.0
[     9.339] (++) using VT number 2

[     9.341] (II) systemd-logind: took control of session /org/freedesktop/login1/session/_31
[     9.343] (II) xfree86: Adding drm device (/dev/dri/card0)
[     9.343] (II) systemd-logind: got fd for /dev/dri/card0 226:0 fd 14 paused 0
[     9.345] (--) PCI:*(0@0:2:0) 15ad:0405:15ad:0405 rev 0, Mem @ 0xe0000000/33554432, 0xf0000000/2097152, I/O @ 0x0000d010/16, BIOS @ 0x????????/131072
[     9.345] (II) LoadModule: "glx"
[     9.351] (II) Loading /usr/lib/xorg/modules/extensions/libglx.so
[     9.374] (II) Module glx: vendor="X.Org Foundation"
[     9.374] 	compiled for 1.20.9, module version = 1.0.0
[     9.374] 	ABI class: X.Org Server Extension, version 10.0
[     9.374] (==) Matched vmware as autoconfigured driver 0
[     9.374] (==) Matched modesetting as autoconfigured driver 1
[     9.374] (==) Matched fbdev as autoconfigured driver 2
[     9.374] (==) Matched vesa as autoconfigured driver 3
[     9.374] (==) Assigned the driver to the xf86ConfigLayout
[     9.374] (II) LoadModule: "vmware"
[     9.376] (II) Loading /usr/lib/xorg/modules/drivers/vmware_drv.so
[    10.127] (II) Module vmware: vendor="X.Org Foundation"
[    10.127] 	compiled for 1.20.8, module version = 13.3.0
[    10.127] 	Module class: X.Org Video Driver
[    10.127] 	ABI class: X.Org Video Driver, version 24.1
[    10.127] (II) LoadModule: "modesetting"
[    10.127] (II) Loading /usr/lib/xorg/modules/drivers/modesetting_drv.so
[    10.128] (II) Module modesetting: vendor="X.Org Foundation"
[    10.128] 	compiled for 1.20.9, module version = 1.20.9
[    10.128] 	Module class: X.Org Video Driver
[    10.128] 	ABI class: X.Org Video Driver, version 24.1
[    10.128] (II) LoadModule: "fbdev"
[    10.128] (II) Loading /usr/lib/xorg/modules/drivers/fbdev_drv.so
[    10.133] (II) Module fbdev: vendor="X.Org Foundation"
[    10.133] 	compiled for 1.20.1, module version = 0.5.0
[    10.133] 	Module class: X.Org Video Driver
[    10.133] 	ABI class: X.Org Video Driver, version 24.0
[    10.133] (II) LoadModule: "vesa"
[    10.134] (II) Loading /usr/lib/xorg/modules/drivers/vesa_drv.so
[    10.135] (II) Module vesa: vendor="X.Org Foundation"
[    10.135] 	compiled for 1.20.8, module version = 2.5.0
[    10.135] 	Module class: X.Org Video Driver
[    10.135] 	ABI class: X.Org Video Driver, version 24.1
[    10.135] (II) vmware: driver for VMware SVGA: vmware0405, vmware0710
[    10.135] (II) modesetting: Driver for Modesetting Kernel Drivers: kms
[    10.135] (II) FBDEV: driver for framebuffer: fbdev
[    10.135] (II) VESA: driver for VESA chipsets: vesa
[    10.135] xf86EnableIOPorts: failed to set IOPL for I/O (Operation not permitted)
[    10.135] (WW) Falling back to old probe method for modesetting
[    10.135] (WW) Falling back to old probe method for fbdev
[    10.135] (II) Loading sub module "fbdevhw"
[    10.135] (II) LoadModule: "fbdevhw"
[    10.135] (II) Loading /usr/lib/xorg/modules/libfbdevhw.so
[    10.136] (II) Module fbdevhw: vendor="X.Org Foundation"
[    10.136] 	compiled for 1.20.9, module version = 0.0.2
[    10.136] 	ABI class: X.Org Video Driver, version 24.1
[    10.136] (EE) open /dev/fb0: Permission denied
[    10.136] (WW) VGA arbiter: cannot open kernel arbiter, no multi-card support
[    10.136] (II) vmware(0): Creating default Display subsection in Screen section
	"Default Screen Section" for depth/fbbpp 24/32
[    10.137] (--) vmware(0): DRM driver version is 2.18.0
[    10.137] (==) vmware(0): Depth 24, (--) framebuffer bpp 32
[    10.137] (==) vmware(0): RGB weight 888
[    10.137] (==) vmware(0): Default visual is TrueColor
[    10.137] (--) vmware(0): Min width 1, Max Width 8192.
[    10.137] (--) vmware(0): Min height 1, Max Height 8192.
[    10.137] (II) vmware(0): Output Virtual1 has no monitor section
[    10.137] (II) vmware(0): Output Virtual2 has no monitor section
[    10.137] (II) vmware(0): Output Virtual3 has no monitor section
[    10.137] (II) vmware(0): Output Virtual4 has no monitor section
[    10.137] (II) vmware(0): Output Virtual5 has no monitor section
[    10.137] (II) vmware(0): Output Virtual6 has no monitor section
[    10.137] (II) vmware(0): Output Virtual7 has no monitor section
[    10.137] (II) vmware(0): Output Virtual8 has no monitor section
[    10.137] (II) vmware(0): Printing probed modes for output Virtual1
[    10.137] (II) vmware(0): Modeline "800x600"x60.0   42.75  800 850 900 950  600 650 700 750 -hsync +vsync (45.0 kHz eP)
[    10.137] (II) vmware(0): Modeline "2560x1600"x60.0  348.50  2560 2752 3032 3504  1600 1603 1609 1658 -hsync +vsync (99.5 kHz e)
[    10.137] (II) vmware(0): Modeline "1920x1440"x60.0  234.00  1920 2048 2256 2600  1440 1441 1444 1500 -hsync +vsync (90.0 kHz e)
[    10.137] (II) vmware(0): Modeline "1856x1392"x60.0  218.25  1856 1952 2176 2528  1392 1393 1396 1439 -hsync +vsync (86.3 kHz e)
[    10.137] (II) vmware(0): Modeline "1792x1344"x60.0  204.75  1792 1920 2120 2448  1344 1345 1348 1394 -hsync +vsync (83.6 kHz e)
[    10.137] (II) vmware(0): Modeline "1920x1200"x59.9  193.25  1920 2056 2256 2592  1200 1203 1209 1245 -hsync +vsync (74.6 kHz e)
[    10.137] (II) vmware(0): Modeline "1600x1200"x60.0  162.00  1600 1664 1856 2160  1200 1201 1204 1250 +hsync +vsync (75.0 kHz e)
[    10.137] (II) vmware(0): Modeline "1680x1050"x60.0  146.25  1680 1784 1960 2240  1050 1053 1059 1089 -hsync +vsync (65.3 kHz e)
[    10.137] (II) vmware(0): Modeline "1400x1050"x60.0  121.75  1400 1488 1632 1864  1050 1053 1057 1089 -hsync +vsync (65.3 kHz e)
[    10.137] (II) vmware(0): Modeline "1280x1024"x60.0  108.00  1280 1328 1440 1688  1024 1025 1028 1066 +hsync +vsync (64.0 kHz e)
[    10.137] (II) vmware(0): Modeline "1440x900"x59.9  106.50  1440 1520 1672 1904  900 903 909 934 -hsync +vsync (55.9 kHz e)
[    10.137] (II) vmware(0): Modeline "1280x960"x60.0  108.00  1280 1376 1488 1800  960 961 964 1000 +hsync +vsync (60.0 kHz e)
[    10.137] (II) vmware(0): Modeline "1360x768"x60.0   85.50  1360 1424 1536 1792  768 771 777 795 +hsync +vsync (47.7 kHz e)
[    10.137] (II) vmware(0): Modeline "1280x800"x59.8   83.50  1280 1352 1480 1680  800 803 809 831 +hsync -vsync (49.7 kHz e)
[    10.137] (II) vmware(0): Modeline "1152x864"x75.0  108.00  1152 1216 1344 1600  864 865 868 900 +hsync +vsync (67.5 kHz e)
[    10.137] (II) vmware(0): Modeline "1280x768"x59.9   79.50  1280 1344 1472 1664  768 771 778 798 -hsync +vsync (47.8 kHz e)
[    10.137] (II) vmware(0): Modeline "1024x768"x60.0   65.00  1024 1048 1184 1344  768 771 777 806 -hsync -vsync (48.4 kHz e)
[    10.137] (II) vmware(0): Modeline "800x600"x60.3   40.00  800 840 968 1056  600 601 605 628 +hsync +vsync (37.9 kHz e)
[    10.137] (II) vmware(0): Modeline "640x480"x59.9   25.18  640 656 752 800  480 489 492 525 -hsync -vsync (31.5 kHz e)
[    10.137] (II) vmware(0): EDID for output Virtual2
[    10.137] (II) vmware(0): EDID for output Virtual3
[    10.137] (II) vmware(0): EDID for output Virtual4
[    10.137] (II) vmware(0): EDID for output Virtual5
[    10.138] (II) vmware(0): EDID for output Virtual6
[    10.138] (II) vmware(0): EDID for output Virtual7
[    10.138] (II) vmware(0): EDID for output Virtual8
[    10.138] (II) vmware(0): Output Virtual1 connected
[    10.138] (II) vmware(0): Output Virtual2 disconnected
[    10.138] (II) vmware(0): Output Virtual3 disconnected
[    10.138] (II) vmware(0): Output Virtual4 disconnected
[    10.138] (II) vmware(0): Output Virtual5 disconnected
[    10.138] (II) vmware(0): Output Virtual6 disconnected
[    10.138] (II) vmware(0): Output Virtual7 disconnected
[    10.138] (II) vmware(0): Output Virtual8 disconnected
[    10.138] (II) vmware(0): Using exact sizes for initial modes
[    10.138] (II) vmware(0): Output Virtual1 using initial mode 800x600 +0+0
[    10.138] (==) vmware(0): DPI set to (96, 96)
[    10.138] (==) vmware(0): Using gamma correction (1.0, 1.0, 1.0)
[    10.138] (II) Loading sub module "fb"
[    10.138] (II) LoadModule: "fb"
[    10.141] (II) Loading /usr/lib/xorg/modules/libfb.so
[    10.143] (II) Module fb: vendor="X.Org Foundation"
[    10.143] 	compiled for 1.20.9, module version = 1.0.0
[    10.143] 	ABI class: X.Org ANSI C Emulation, version 0.4
[    10.143] (II) Loading sub module "dri2"
[    10.143] (II) LoadModule: "dri2"
[    10.143] (II) Module "dri2" already built-in
[    10.143] (II) Loading sub module "dri3"
[    10.143] (II) LoadModule: "dri3"
[    10.143] (II) Module "dri3" already built-in
[    10.143] (II) UnloadModule: "modesetting"
[    10.143] (II) Unloading modesetting
[    10.143] (II) UnloadModule: "fbdev"
[    10.143] (II) Unloading fbdev
[    10.143] (II) UnloadSubModule: "fbdevhw"
[    10.143] (II) Unloading fbdevhw
[    10.143] (II) UnloadModule: "vesa"
[    10.143] (II) Unloading vesa
[    10.145] (II) vmware(0): Initialized VMWARE_CTRL extension version 0.2
[    10.155] (WW) vmware(0): Failed to initialize Gallium3D Xa. No render acceleration available.
[    10.155] (WW) vmware(0): Skipped initialization of direct rendering due to lack of render acceleration.
[    10.155] (--) vmware(0): Render acceleration is disabled.
[    10.155] (==) vmware(0): Rendercheck mode is disabled.
[    10.155] (--) vmware(0): Direct rendering (DRI2 3D) is disabled.
[    10.155] (--) vmware(0): Direct rendering (DRI3 3D) is disabled.
[    10.155] (==) vmware(0): Backing store enabled
[    10.155] (==) vmware(0): Silken mouse enabled
[    10.157] (==) vmware(0): DPMS enabled
[    10.157] (II) vmware(0): No 3D acceleration. Not setting up textured video.
[    10.157] (WW) vmware(0): Disabling Xv because no adaptors could be initialized.
[    10.157] (II) Initializing extension Generic Event Extension
[    10.157] (II) Initializing extension SHAPE
[    10.157] (II) Initializing extension MIT-SHM
[    10.157] (II) Initializing extension XInputExtension
[    10.158] (II) Initializing extension XTEST
[    10.158] (II) Initializing extension BIG-REQUESTS
[    10.158] (II) Initializing extension SYNC
[    10.158] (II) Initializing extension XKEYBOARD
[    10.158] (II) Initializing extension XC-MISC
[    10.158] (II) Initializing extension SECURITY
[    10.158] (II) Initializing extension XFIXES
[    10.159] (II) Initializing extension RENDER
[    10.159] (II) Initializing extension RANDR
[    10.159] (II) Initializing extension COMPOSITE
[    10.163] (II) Initializing extension DAMAGE
[    10.163] (II) Initializing extension MIT-SCREEN-SAVER
[    10.163] (II) Initializing extension DOUBLE-BUFFER
[    10.163] (II) Initializing extension RECORD
[    10.163] (II) Initializing extension DPMS
[    10.163] (II) Initializing extension Present
[    10.163] (II) Initializing extension DRI3
[    10.163] (II) Initializing extension X-Resource
[    10.163] (II) Initializing extension XVideo
[    10.163] (II) Initializing extension XVideo-MotionCompensation
[    10.163] (II) Initializing extension SELinux
[    10.163] (II) SELinux: Disabled on system
[    10.163] (II) Initializing extension GLX
[    10.164] (II) AIGLX: Screen 0 is not DRI2 capable
[    10.252] (II) IGLX: Loaded and initialized swrast
[    10.252] (II) GLX: Initialized DRISWRAST GL provider for screen 0
[    10.252] (II) Initializing extension XFree86-VidModeExtension
[    10.252] (II) Initializing extension XFree86-DGA
[    10.253] (II) Initializing extension XFree86-DRI
[    10.253] (II) Initializing extension DRI2
[    10.257] (II) vmware(0): Setting screen physical size to 211 x 158
[    10.373] (II) config/udev: Adding input device Power Button (/dev/input/event0)
[    10.373] (**) Power Button: Applying InputClass "libinput keyboard catchall"
[    10.373] (II) LoadModule: "libinput"
[    10.373] (II) Loading /usr/lib/xorg/modules/input/libinput_drv.so
[    10.386] (II) Module libinput: vendor="X.Org Foundation"
[    10.386] 	compiled for 1.20.8, module version = 0.30.0
[    10.386] 	Module class: X.Org XInput Driver
[    10.386] 	ABI class: X.Org XInput driver, version 24.1
[    10.386] (II) Using input driver 'libinput' for 'Power Button'
[    10.387] (II) systemd-logind: got fd for /dev/input/event0 13:64 fd 22 paused 0
[    10.387] (**) Power Button: always reports core events
[    10.387] (**) Option "Device" "/dev/input/event0"
[    10.387] (**) Option "_source" "server/udev"
[    10.405] (II) event0  - Power Button: is tagged by udev as: Keyboard
[    10.405] (II) event0  - Power Button: device is a keyboard
[    10.406] (II) event0  - Power Button: device removed
[    10.406] (**) Option "config_info" "udev:/sys/devices/LNXSYSTM:00/LNXPWRBN:00/input/input0/event0"
[    10.406] (II) XINPUT: Adding extended input device "Power Button" (type: KEYBOARD, id 6)
[    10.406] (**) Option "xkb_layout" "de,us,pl"
[    10.406] (**) Option "xkb_variant" ",,"
[    10.489] (II) event0  - Power Button: is tagged by udev as: Keyboard
[    10.489] (II) event0  - Power Button: device is a keyboard
[    10.490] (II) config/udev: Adding input device Sleep Button (/dev/input/event1)
[    10.490] (**) Sleep Button: Applying InputClass "libinput keyboard catchall"
[    10.490] (II) Using input driver 'libinput' for 'Sleep Button'
[    10.496] (II) systemd-logind: got fd for /dev/input/event1 13:65 fd 25 paused 0
[    10.496] (**) Sleep Button: always reports core events
[    10.496] (**) Option "Device" "/dev/input/event1"
[    10.497] (**) Option "_source" "server/udev"
[    10.498] (II) event1  - Sleep Button: is tagged by udev as: Keyboard
[    10.498] (II) event1  - Sleep Button: device is a keyboard
[    10.498] (II) event1  - Sleep Button: device removed
[    10.498] (**) Option "config_info" "udev:/sys/devices/LNXSYSTM:00/LNXSLPBN:00/input/input1/event1"
[    10.498] (II) XINPUT: Adding extended input device "Sleep Button" (type: KEYBOARD, id 7)
[    10.498] (**) Option "xkb_layout" "de,us,pl"
[    10.498] (**) Option "xkb_variant" ",,"
[    10.499] (II) event1  - Sleep Button: is tagged by udev as: Keyboard
[    10.499] (II) event1  - Sleep Button: device is a keyboard
[    10.500] (II) config/udev: Adding input device Video Bus (/dev/input/event3)
[    10.500] (**) Video Bus: Applying InputClass "libinput keyboard catchall"
[    10.500] (II) Using input driver 'libinput' for 'Video Bus'
[    10.505] (II) systemd-logind: got fd for /dev/input/event3 13:67 fd 26 paused 0
[    10.505] (**) Video Bus: always reports core events
[    10.505] (**) Option "Device" "/dev/input/event3"
[    10.505] (**) Option "_source" "server/udev"
[    10.508] (II) event3  - Video Bus: is tagged by udev as: Keyboard
[    10.508] (II) event3  - Video Bus: device is a keyboard
[    10.508] (II) event3  - Video Bus: device removed
[    10.508] (**) Option "config_info" "udev:/sys/devices/LNXSYSTM:00/LNXSYBUS:00/PNP0A03:00/LNXVIDEO:00/input/input4/event3"
[    10.508] (II) XINPUT: Adding extended input device "Video Bus" (type: KEYBOARD, id 8)
[    10.508] (**) Option "xkb_layout" "de,us,pl"
[    10.508] (**) Option "xkb_variant" ",,"
[    10.511] (II) event3  - Video Bus: is tagged by udev as: Keyboard
[    10.511] (II) event3  - Video Bus: device is a keyboard
[    10.514] (II) config/udev: Adding input device VirtualBox mouse integration (/dev/input/event6)
[    10.514] (**) VirtualBox mouse integration: Applying InputClass "libinput pointer catchall"
[    10.514] (II) Using input driver 'libinput' for 'VirtualBox mouse integration'
[    10.516] (II) systemd-logind: got fd for /dev/input/event6 13:70 fd 27 paused 0
[    10.516] (**) VirtualBox mouse integration: always reports core events
[    10.516] (**) Option "Device" "/dev/input/event6"
[    10.516] (**) Option "_source" "server/udev"
[    10.518] (II) event6  - VirtualBox mouse integration: is tagged by udev as: Mouse
[    10.518] (II) event6  - VirtualBox mouse integration: device is a pointer
[    10.518] (II) event6  - VirtualBox mouse integration: device removed
[    10.518] (**) Option "config_info" "udev:/sys/devices/pci0000:00/0000:00:04.0/input/input7/event6"
[    10.518] (II) XINPUT: Adding extended input device "VirtualBox mouse integration" (type: MOUSE, id 9)
[    10.518] (**) Option "AccelerationScheme" "none"
[    10.519] (**) VirtualBox mouse integration: (accel) selected scheme none/0
[    10.519] (**) VirtualBox mouse integration: (accel) acceleration factor: 2.000
[    10.519] (**) VirtualBox mouse integration: (accel) acceleration threshold: 4
[    10.526] (II) event6  - VirtualBox mouse integration: is tagged by udev as: Mouse
[    10.526] (II) event6  - VirtualBox mouse integration: device is a pointer
[    10.526] (II) config/udev: Adding input device VirtualBox mouse integration (/dev/input/js1)
[    10.526] (II) No input driver specified, ignoring this device.
[    10.526] (II) This device may have been added with another device file.
[    10.527] (II) config/udev: Adding input device VirtualBox USB Tablet (/dev/input/event5)
[    10.527] (**) VirtualBox USB Tablet: Applying InputClass "libinput pointer catchall"
[    10.527] (II) Using input driver 'libinput' for 'VirtualBox USB Tablet'
[    10.596] (II) systemd-logind: got fd for /dev/input/event5 13:69 fd 28 paused 0
[    10.596] (**) VirtualBox USB Tablet: always reports core events
[    10.596] (**) Option "Device" "/dev/input/event5"
[    10.596] (**) Option "_source" "server/udev"
[    10.599] (II) event5  - VirtualBox USB Tablet: is tagged by udev as: Mouse
[    10.599] (II) event5  - VirtualBox USB Tablet: device is a pointer
[    10.600] (II) event5  - VirtualBox USB Tablet: device removed
[    10.600] (**) Option "config_info" "udev:/sys/devices/pci0000:00/0000:00:06.0/usb1/1-1/1-1:1.0/0003:80EE:0021.0001/input/input6/event5"
[    10.600] (II) XINPUT: Adding extended input device "VirtualBox USB Tablet" (type: MOUSE, id 10)
[    10.600] (**) Option "AccelerationScheme" "none"
[    10.600] (**) VirtualBox USB Tablet: (accel) selected scheme none/0
[    10.600] (**) VirtualBox USB Tablet: (accel) acceleration factor: 2.000
[    10.600] (**) VirtualBox USB Tablet: (accel) acceleration threshold: 4
[    10.602] (II) event5  - VirtualBox USB Tablet: is tagged by udev as: Mouse
[    10.603] (II) event5  - VirtualBox USB Tablet: device is a pointer
[    10.603] (II) config/udev: Adding input device VirtualBox USB Tablet (/dev/input/js0)
[    10.603] (II) No input driver specified, ignoring this device.
[    10.603] (II) This device may have been added with another device file.
[    10.606] (II) config/udev: Adding input device VirtualBox USB Tablet (/dev/input/mouse1)
[    10.606] (II) No input driver specified, ignoring this device.
[    10.606] (II) This device may have been added with another device file.
[    10.607] (II) config/udev: Adding input device AT Translated Set 2 keyboard (/dev/input/event2)
[    10.607] (**) AT Translated Set 2 keyboard: Applying InputClass "libinput keyboard catchall"
[    10.607] (II) Using input driver 'libinput' for 'AT Translated Set 2 keyboard'
[    10.611] (II) systemd-logind: got fd for /dev/input/event2 13:66 fd 29 paused 0
[    10.611] (**) AT Translated Set 2 keyboard: always reports core events
[    10.611] (**) Option "Device" "/dev/input/event2"
[    10.611] (**) Option "_source" "server/udev"
[    10.612] (II) event2  - AT Translated Set 2 keyboard: is tagged by udev as: Keyboard
[    10.612] (II) event2  - AT Translated Set 2 keyboard: device is a keyboard
[    10.613] (II) event2  - AT Translated Set 2 keyboard: device removed
[    10.613] (**) Option "config_info" "udev:/sys/devices/platform/i8042/serio0/input/input2/event2"
[    10.613] (II) XINPUT: Adding extended input device "AT Translated Set 2 keyboard" (type: KEYBOARD, id 11)
[    10.613] (**) Option "xkb_layout" "de,us,pl"
[    10.613] (**) Option "xkb_variant" ",,"
[    10.614] (II) event2  - AT Translated Set 2 keyboard: is tagged by udev as: Keyboard
[    10.614] (II) event2  - AT Translated Set 2 keyboard: device is a keyboard
[    10.615] (II) config/udev: Adding input device ImExPS/2 Generic Explorer Mouse (/dev/input/event4)
[    10.615] (**) ImExPS/2 Generic Explorer Mouse: Applying InputClass "libinput pointer catchall"
[    10.615] (II) Using input driver 'libinput' for 'ImExPS/2 Generic Explorer Mouse'
[    10.622] (II) systemd-logind: got fd for /dev/input/event4 13:68 fd 30 paused 0
[    10.622] (**) ImExPS/2 Generic Explorer Mouse: always reports core events
[    10.622] (**) Option "Device" "/dev/input/event4"
[    10.622] (**) Option "_source" "server/udev"
[    10.623] (II) event4  - ImExPS/2 Generic Explorer Mouse: is tagged by udev as: Mouse
[    10.623] (II) event4  - ImExPS/2 Generic Explorer Mouse: device is a pointer
[    10.623] (II) event4  - ImExPS/2 Generic Explorer Mouse: device removed
[    10.623] (**) Option "config_info" "udev:/sys/devices/platform/i8042/serio1/input/input5/event4"
[    10.623] (II) XINPUT: Adding extended input device "ImExPS/2 Generic Explorer Mouse" (type: MOUSE, id 12)
[    10.624] (**) Option "AccelerationScheme" "none"
[    10.624] (**) ImExPS/2 Generic Explorer Mouse: (accel) selected scheme none/0
[    10.624] (**) ImExPS/2 Generic Explorer Mouse: (accel) acceleration factor: 2.000
[    10.624] (**) ImExPS/2 Generic Explorer Mouse: (accel) acceleration threshold: 4
[    10.624] (II) event4  - ImExPS/2 Generic Explorer Mouse: is tagged by udev as: Mouse
[    10.624] (II) event4  - ImExPS/2 Generic Explorer Mouse: device is a pointer
[    10.625] (II) config/udev: Adding input device ImExPS/2 Generic Explorer Mouse (/dev/input/mouse0)
[    10.625] (II) No input driver specified, ignoring this device.
[    10.625] (II) This device may have been added with another device file.
